{
  "0 debug pnpm:scope": {
    "selected": 1
  },
  "1 error pnpm": {
    "errno": 1,
    "code": "ELIFECYCLE",
    "pkgid": "mini-vue@1.0.0",
    "stage": "build",
    "script": "rollup -c rollup.config.js",
    "pkgname": "mini-vue",
    "err": {
      "name": "pnpm",
      "message": "mini-vue@1.0.0 build: `rollup -c rollup.config.js`\nExit status 1",
      "code": "ELIFECYCLE",
      "stack": "pnpm: mini-vue@1.0.0 build: `rollup -c rollup.config.js`\nExit status 1\n    at EventEmitter.<anonymous> (C:\\Users\\hp\\AppData\\Roaming\\npm\\pnpm-global\\5\\node_modules\\.pnpm\\pnpm@6.32.2\\node_modules\\pnpm\\dist\\pnpm.cjs:105700:20)\n    at EventEmitter.emit (node:events:390:28)\n    at ChildProcess.<anonymous> (C:\\Users\\hp\\AppData\\Roaming\\npm\\pnpm-global\\5\\node_modules\\.pnpm\\pnpm@6.32.2\\node_modules\\pnpm\\dist\\pnpm.cjs:92261:18)\n    at ChildProcess.emit (node:events:390:28)\n    at maybeClose (node:internal/child_process:1064:16)\n    at Process.ChildProcess._handle.onexit (node:internal/child_process:301:5)"
    }
  },
  "2 warn pnpm:global": " Local package.json exists, but node_modules missing, did you mean to install?"
}